01 66778d69001815783e38
02 66778d6e000d03a76635
03 66778d71000f9f6e9686
04 66778d7300340a286cb1
05 66778d7600340260299b
06 66778d79002a4a516e57
07 66778d81003c06fcac91
08 66778d8500188d21de31
09 66778d880032838a18e1
10 66778d8b00308383ef73
11
12
13
14
15
16
17
18
19
20
21
22
23
24
25
26
27
28
29
30

router

01 664a01d800231e2888d4
02 664a01dc00372e1d9595
03 664a01e0001083b26837
04 664a01e3002f1fffcb6d
05 664a01e7002b46012f55
06 664a01ec00211b165bab
07 664a01f0002597f02475
08 664a01f500050895df09
09 664a01f80038c35e5645
10 664a0203003395df9d3d
11 664a02be003b878e3e6f
12 664a0b7c00040a800932
13 664d4369001784f03b15
14 664d4370003741306f4b
15 664d44b50030eae6ca54
16 664d44ba003a1378b881
17 664d44be0021d6dd00d4
18 664d44c200375136901c
19 664d44c6000d11a1a6cd
20 664d44cb003558a4b110
21 664d44cf0039d47d3093
22 664d44d800055fbb8f98
23 664d44db0024db17f5d9
24 664d44df000dc3cdf353
25 664eb746003139c37bfa
26 664eb74700314d2783f5
27 664eb7480031401f0961
28 664eb74900318f494858
29 664eb74a0030f19c9e0c
30 664eb74b00312dda54dd
31 664eb74c00318dd2b4c2
32 664eb74d0030e8f067a3
33 664eb74e00311caf646a
34 664eb74f0030e16b52b6
35 664eb7500031abbabf41
36 664eb75100318934f83b
37 664eb75200318e12517f
38 664eb753003d32a1fbc4
39 664eb754003d643b8f50
40 664eb755003d7a2ae18a
41 664eb756003c9739b70b
42 664eb757003d0a33ae6b
43 664eb758003d76f57a05
44 664eb759003d6ef6b670
45 664eb75a003d75f48d09
46 664eb75b003d59fb6559
47 664eb75c003ca5a3f079
48 664eb75d003cf190b6ed
49 664eb75e003d5a3e5273
50 664eb75f003cd7b1554b

content

01 664d44e60035460610c6
02 664d451700235fad6d4c
03 664d451b001b54620253
04 664d451f002b53afa149
05 664d452300249790b1ca
06 664d4527002467797496
07 664d452b00035b4b91e0
08 664d452e000ad715b328
09 664d4531002e54df5bb0
10 664d453500015210e3fd
11 664d4547003a534feefa
12 664d45500033d316bd76
13 664d45ab000e5bdf3bd8
14 664d45b0000547afdfb8
15 664d45b3002cc7becc38
16 664d45b70009ca250089
17 664d45ba0022ccd21ed0
18 664d45be0005ccd96abd
19 664d45c1001b5e75b119
20 664d45c500185194e107
21 664d45c9000d49e26769
22 664d45cd000443498794
23 664d45d00023dc786ab3
24 664d45d40026d095dba7
25 664ebd4c0033339a373c
26 664ebd4d00282f1a4596
27 664ebd4e0028c70ee881
28 664ebd4f0028b9de3a01
29 664ebd5000286682a659
30 664ebd5100286e5ee795
31 664ebd5200284cba5960
32 664ebd5300286cc540dd
33 664ebd5400283f7512d9
34 664ebd55002813fc76cf
35 664ebd5600284683db0d
36 664ebd5700280a6feca3
37 664ebd580028053211ce
38 664ebd5900283abe59e2
39 664ebd5a0028356e703c
40 664ebd5b00281577c04e
41 664ebd5c0027d8de26a5
42 664ebd5d00284536cebb
43 664ebd5e00280d32a547
44 664ebd5f0027f0aee2a5
45 664ebd600027e6b701e5
46 664ebd6100284b608ae1
47 664ebd62002802014571
48 664ebd630027e65ac97a
49 664ebd64002815269f70
50 664ebd650028a67b7a16

config

01 664d45d8000c5dbb656c
02 664d45db0026592915da
03 664d46a6003c48dc095c
04 664d46a7003c341d5895
05 664d46a8003bdc369c57
06 664d46a9003c73d2be40
07 664d46aa003c3d09d631
08 664d46ab003be11b6fc1
09 664d46ac003c7c1583b9
10 664d46ad003c2e30eccc
11 664d46ae003c2629e904
12 664d46af003c190afe41
13 664d46b0003bae0a81a5
14 664d46b1003bd2d890eb
15 664d46b2003bf1eabff1
16 664d46b3003bfee8fa9f
17 664d46b4003bd325de3b
18 664d46b5003c5acbfbee
19 664d46b6003be0d4e42d
20 664d46b7003bf87cb6c5
21 664d46b8003bce6bd58e
22 664d46b9003b8157b78b
23 664d46ba003bed75e922
24 664d46bb003bd939450d
25 664ebdc8002c288728e4
26 664ebdc9002c2d71a843
27 664ebdca002c0e384d49
28 664ebdcb002c40496fca
29 664ebdcc002c27e41879
30 664ebdcd002c24c20822
31 664ebdce002c1f9eb857
32 664ebdcf002c1ac1aa08
33 664ebdd0002c319cc484
34 664ebdd1002c3ad9619c
35 664ebdd2002c280e0f91
36 664ebdd3002bdae2f4a8
37 664ebdd4002c3d1f7375
38 664ebdd5002bc697fa91
39 664ebdd6002c233a4b4e
40 664ebdd7002bf050fb24
41 664ebdd8002c20af3695
42 664ebdd9002c0ce01f76
43 664ebdda002c0811f3ea
44 664ebddb002bfd6fc125
45 664ebddc002cb96b2072
46 664ebddd002bdb28594d
47 664ebdde002c01c3cb33
48 664ebddf002ca98f6751
49 664ebde0002c0bba4504
50 664ebde1002bd257dd28

taxonomy

01 664d46d5001a02b02c36
02 664d46d6001a1fc3d9ff
03 664d46d7001a470f3126
04 664d46d8001a3bc4ba42
05 664d47cb001a01b32d52
06 664d47cc001918b99d59
07 664d47cd0019dfcb6372
08 664d47ce0019ae914d82
09 664d47cf0009961e092a
10 664d47cf003b03d96e26
11 664d47d0003aa6f6b3aa
12 664d47d1003aa2899071
13 664d47d2003b1c33a713
14 664d47d4001a0f43c19e
15 664d47d4003a8072fa9a
16 664d47d5003ab5213636
17 664d47d70019c2335bcf
18 664d47d8001a028e63d1
19 664d47d90019545fc118
20 664d47da00199509fee8
21 664d47db00195185cba2
22 664d47dc0019dd02c6e1
23 664d47dd0019b01204ff
24 664d47de0019823bf51f
01 664d46bc003bc76679f2
02 664d46bd003b8c679fb8
03 664d46be003c39267884
04 664d46bf003bc09712c7
05 664d46c0003bf7b98d27
06 664d46c1003c2078d546
07 664d46c2003bb08f1101
08 664d46c4001a63c79499
09 664d46c5001a15cbed66
10 664d46c6001a14f6e12f
11 664d46c7001a59791f00
12 664d46c8001a52b89770
13 664d46c9001a19cfbc13
14 664d46ca001a46687852
15 664d46cb001a48ed0651
16 664d46cc001a39e5f716
17 664d46cd001a24cef51c
18 664d46ce001a33d7e84e
19 664d46cf001a2f58e083
20 664d46d0001a2fd5e9b1
21 664d46d1001a145af93b
22 664d46d2001a1b1d9cb7
23 664d46d3001a253191ba
24 664d46d4001a18c61ffd
